[debug] [2023-11-02T09:56:59.980Z] ----------------------------------------------------------------------
[debug] [2023-11-02T09:56:59.981Z] Command:       /usr/local/bin/node /usr/local/bin/firebase init
[debug] [2023-11-02T09:56:59.981Z] CLI Version:   12.8.0
[debug] [2023-11-02T09:56:59.981Z] Platform:      darwin
[debug] [2023-11-02T09:56:59.981Z] Node Version:  v18.15.0
[debug] [2023-11-02T09:56:59.985Z] Time:          Thu Nov 02 2023 11:56:59 GMT+0200 (Eastern European Standard Time)
[debug] [2023-11-02T09:56:59.985Z] ----------------------------------------------------------------------
[debug] 
[debug] [2023-11-02T09:56:59.988Z] > command requires scopes: ["email","openid","https://www.googleapis.com/auth/cloudplatformprojects.readonly","https://www.googleapis.com/auth/firebase","https://www.googleapis.com/auth/cloud-platform"]
[debug] [2023-11-02T09:56:59.988Z] > authorizing via signed-in user (a.gorodov.22@gmail.com)
[info] 
     ######## #### ########  ######## ########     ###     ######  ########
     ##        ##  ##     ## ##       ##     ##  ##   ##  ##       ##
     ######    ##  ########  ######   ########  #########  ######  ######
     ##        ##  ##    ##  ##       ##     ## ##     ##       ## ##
     ##       #### ##     ## ######## ########  ##     ##  ######  ########

You're about to initialize a Firebase project in this directory:

  /Users/alex/Documents/GitHub/ramzor

[info] 
=== Project Setup
[info] 
[info] First, let's associate this project directory with a Firebase project.
[info] You can create multiple project aliases by running firebase use --add, 
[info] but for now we'll just set up a default project.
[info] 
[debug] [2023-11-02T09:57:05.004Z] >>> [apiv2][query] GET https://firebase.googleapis.com/v1beta1/projects pageSize=100
[debug] [2023-11-02T09:57:06.098Z] <<< [apiv2][status] GET https://firebase.googleapis.com/v1beta1/projects 200
[debug] [2023-11-02T09:57:06.098Z] <<< [apiv2][body] GET https://firebase.googleapis.com/v1beta1/projects [omitted]
[info] i  Using project ramzor-9213-2 (Ramzor-9213) 
[info] 
=== Database Setup
[info] i  database: ensuring required API firebasedatabase.googleapis.com is enabled... 
[debug] [2023-11-02T09:57:18.806Z] >>> [apiv2][query] GET https://serviceusage.googleapis.com/v1/projects/ramzor-9213-2/services/firebasedatabase.googleapis.com [none]
[debug] [2023-11-02T09:57:18.806Z] >>> [apiv2][(partial)header] GET https://serviceusage.googleapis.com/v1/projects/ramzor-9213-2/services/firebasedatabase.googleapis.com x-goog-quota-user=projects/ramzor-9213-2
[debug] [2023-11-02T09:57:23.568Z] <<< [apiv2][status] GET https://serviceusage.googleapis.com/v1/projects/ramzor-9213-2/services/firebasedatabase.googleapis.com 200
[debug] [2023-11-02T09:57:23.569Z] <<< [apiv2][body] GET https://serviceusage.googleapis.com/v1/projects/ramzor-9213-2/services/firebasedatabase.googleapis.com [omitted]
[warn] ⚠  database: missing required API firebasedatabase.googleapis.com. Enabling now... 
[debug] [2023-11-02T09:57:23.571Z] >>> [apiv2][query] POST https://serviceusage.googleapis.com/v1/projects/ramzor-9213-2/services/firebasedatabase.googleapis.com:enable [none]
[debug] [2023-11-02T09:57:23.571Z] >>> [apiv2][(partial)header] POST https://serviceusage.googleapis.com/v1/projects/ramzor-9213-2/services/firebasedatabase.googleapis.com:enable x-goog-quota-user=projects/ramzor-9213-2
[debug] [2023-11-02T09:57:29.380Z] <<< [apiv2][status] POST https://serviceusage.googleapis.com/v1/projects/ramzor-9213-2/services/firebasedatabase.googleapis.com:enable 200
[debug] [2023-11-02T09:57:29.380Z] <<< [apiv2][body] POST https://serviceusage.googleapis.com/v1/projects/ramzor-9213-2/services/firebasedatabase.googleapis.com:enable [omitted]
[debug] [2023-11-02T09:57:39.385Z] >>> [apiv2][query] GET https://serviceusage.googleapis.com/v1/projects/ramzor-9213-2/services/firebasedatabase.googleapis.com [none]
[debug] [2023-11-02T09:57:39.386Z] >>> [apiv2][(partial)header] GET https://serviceusage.googleapis.com/v1/projects/ramzor-9213-2/services/firebasedatabase.googleapis.com x-goog-quota-user=projects/ramzor-9213-2
[debug] [2023-11-02T09:57:44.487Z] <<< [apiv2][status] GET https://serviceusage.googleapis.com/v1/projects/ramzor-9213-2/services/firebasedatabase.googleapis.com 200
[debug] [2023-11-02T09:57:44.487Z] <<< [apiv2][body] GET https://serviceusage.googleapis.com/v1/projects/ramzor-9213-2/services/firebasedatabase.googleapis.com [omitted]
[info] ✔  database: required API firebasedatabase.googleapis.com is enabled 
[info] 
[debug] [2023-11-02T09:57:44.494Z] >>> [apiv2][query] GET https://firebase.googleapis.com/v1beta1/projects/ramzor-9213-2 [none]
[debug] [2023-11-02T09:57:45.136Z] <<< [apiv2][status] GET https://firebase.googleapis.com/v1beta1/projects/ramzor-9213-2 200
[debug] [2023-11-02T09:57:45.137Z] <<< [apiv2][body] GET https://firebase.googleapis.com/v1beta1/projects/ramzor-9213-2 {"projectId":"ramzor-9213-2","projectNumber":"962981932174","displayName":"Ramzor-9213","name":"projects/ramzor-9213-2","resources":{"hostingSite":"ramzor-9213-2"},"state":"ACTIVE","etag":"1_f8e14b7e-daf8-49ae-b1c2-5e78fb0473a8"}
[debug] [2023-11-02T09:59:37.876Z] >>> [apiv2][query] POST https://firebasedatabase.googleapis.com/v1beta/projects/ramzor-9213-2/locations/europe-west1/instances databaseId=ramzor-9213-2-default-rtdb&validateOnly=true
[debug] [2023-11-02T09:59:37.877Z] >>> [apiv2][body] POST https://firebasedatabase.googleapis.com/v1beta/projects/ramzor-9213-2/locations/europe-west1/instances {"type":"default_database"}
[debug] [2023-11-02T09:59:42.760Z] <<< [apiv2][status] POST https://firebasedatabase.googleapis.com/v1beta/projects/ramzor-9213-2/locations/europe-west1/instances 200
[debug] [2023-11-02T09:59:42.760Z] <<< [apiv2][body] POST https://firebasedatabase.googleapis.com/v1beta/projects/ramzor-9213-2/locations/europe-west1/instances {"name":"projects/962981932174/locations/europe-west1/instances/ramzor-9213-2-default-rtdb","project":"projects/962981932174","databaseUrl":"https://ramzor-9213-2-default-rtdb.europe-west1.firebasedatabase.app","type":"DEFAULT_DATABASE","state":"ACTIVE"}
[debug] [2023-11-02T09:59:42.763Z] >>> [apiv2][query] POST https://firebasedatabase.googleapis.com/v1beta/projects/ramzor-9213-2/locations/europe-west1/instances databaseId=ramzor-9213-2-default-rtdb
[debug] [2023-11-02T09:59:42.763Z] >>> [apiv2][body] POST https://firebasedatabase.googleapis.com/v1beta/projects/ramzor-9213-2/locations/europe-west1/instances {"type":"default_database"}
[debug] [2023-11-02T09:59:47.981Z] <<< [apiv2][status] POST https://firebasedatabase.googleapis.com/v1beta/projects/ramzor-9213-2/locations/europe-west1/instances 200
[debug] [2023-11-02T09:59:47.982Z] <<< [apiv2][body] POST https://firebasedatabase.googleapis.com/v1beta/projects/ramzor-9213-2/locations/europe-west1/instances {"name":"projects/962981932174/locations/europe-west1/instances/ramzor-9213-2-default-rtdb","project":"projects/962981932174","databaseUrl":"https://ramzor-9213-2-default-rtdb.europe-west1.firebasedatabase.app","type":"DEFAULT_DATABASE","state":"ACTIVE"}
[info] 
[info] Firebase Realtime Database Security Rules allow you to define how your data should be
[info] structured and when your data can be read from and written to.
[info] 
[debug] [2023-11-02T10:00:08.069Z] >>> [apiv2][query] GET https://ramzor-9213-2-default-rtdb.europe-west1.firebasedatabase.app/.settings/rules.json [none]
[debug] [2023-11-02T10:00:13.071Z] <<< [apiv2][status] GET https://ramzor-9213-2-default-rtdb.europe-west1.firebasedatabase.app/.settings/rules.json 200
[debug] [2023-11-02T10:00:13.071Z] <<< [apiv2][body] GET https://ramzor-9213-2-default-rtdb.europe-west1.firebasedatabase.app/.settings/rules.json [stream]
[info] ✔  Database Rules for ramzor-9213-2-default-rtdb have been written to ramzor-api. 
[info] Future modifications to ramzor-api will update Realtime Database Security Rules when you run
[info] firebase deploy.
[info] 
=== Hosting Setup
[info] 
[info] Your public directory is the folder (relative to your project directory) that
[info] will contain Hosting assets to be uploaded with firebase deploy. If you
[info] have a build process for your assets, use your build's output directory.
[info] 
[debug] [2023-11-02T10:01:25.534Z] >>> [apiv2][query] GET https://www.gstatic.com/firebasejs/releases.json [none]
[debug] [2023-11-02T10:01:25.852Z] <<< [apiv2][status] GET https://www.gstatic.com/firebasejs/releases.json 200
[debug] [2023-11-02T10:01:25.852Z] <<< [apiv2][body] GET https://www.gstatic.com/firebasejs/releases.json {"current":{"version":"10.5.2","browserURL":"https://www.gstatic.com/firebasejs/10.5.2/firebase.js","packageURL":"https://www.gstatic.com/firebasejs/10.5.2/firebase.tgz"},"live":{"version":"10.5","browserURL":"https://www.gstatic.com/firebasejs/live/10.5/firebase.js","packageURL":"https://www.gstatic.com/firebasejs/live/10.5/firebase.tgz"},"components":{"analytics":"https://www.gstatic.com/firebasejs/10.5.2/firebase-analytics.js","app":"https://www.gstatic.com/firebasejs/10.5.2/firebase-app.js","app-check":"https://www.gstatic.com/firebasejs/10.5.2/firebase-app-check.js","auth":"https://www.gstatic.com/firebasejs/10.5.2/firebase-auth.js","auth/cordova":"https://www.gstatic.com/firebasejs/10.5.2/firebase-auth/cordova.js","functions":"https://www.gstatic.com/firebasejs/10.5.2/firebase-functions.js","firestore":"https://www.gstatic.com/firebasejs/10.5.2/firebase-firestore.js","firestore/lite":"https://www.gstatic.com/firebasejs/10.5.2/firebase-firestore/lite.js","installations":"https://www.gstatic.com/firebasejs/10.5.2/firebase-installations.js","storage":"https://www.gstatic.com/firebasejs/10.5.2/firebase-storage.js","performance":"https://www.gstatic.com/firebasejs/10.5.2/firebase-performance.js","remote-config":"https://www.gstatic.com/firebasejs/10.5.2/firebase-remote-config.js","messaging":"https://www.gstatic.com/firebasejs/10.5.2/firebase-messaging.js","messaging/sw":"https://www.gstatic.com/firebasejs/10.5.2/firebase-messaging/sw.js","database":"https://www.gstatic.com/firebasejs/10.5.2/firebase-database.js","firestore.memory":"https://www.gstatic.com/firebasejs/10.5.2/firebase-firestore.memory.js"}}
